<?xml version="1.0" encoding="UTF-8"?>
<!-- Generated by org.testng.reporters.JUnitReportReporter -->
<testsuite hostname="DESKTOP-B63DI99" failures="0" tests="6" name="com.tutotiarlsninjs.qa.testcases.LoginTest" time="25.299" errors="0" timestamp="2023-05-18T17:49:16 IST" skipped="0">
  <testcase classname="com.tutotiarlsninjs.qa.testcases.LoginTest" name="verifyLoginWithValidCredentials" time="4.326"/>
  <system-out/>
  <testcase classname="com.tutotiarlsninjs.qa.testcases.LoginTest" name="verifyLoginWithValidCredentials" time="4.236"/>
  <system-out/>
  <testcase classname="com.tutotiarlsninjs.qa.testcases.LoginTest" name="verifyLoginWithInValidCredentials" time="4.277"/>
  <system-out/>
  <testcase classname="com.tutotiarlsninjs.qa.testcases.LoginTest" name="verifyLoginWithInValidEmailAndValidPassword" time="4.343"/>
  <system-out/>
  <testcase classname="com.tutotiarlsninjs.qa.testcases.LoginTest" name="verifyLoginWithValidEmailAndInValidPassword" time="4.309"/>
  <system-out/>
  <testcase classname="com.tutotiarlsninjs.qa.testcases.LoginTest" name="verifyLoginWithOutValidCredentials" time="3.808"/>
  <system-out/>
</testsuite> <!-- com.tutotiarlsninjs.qa.testcases.LoginTest -->
