<?xml version="1.0" encoding="UTF-8"?>
<!-- Generated by org.testng.reporters.JUnitReportReporter -->
<testsuite hostname="DESKTOP-B63DI99" failures="0" tests="4" name="com.tutotiarlsninjs.qa.testcases.RegisterTest" time="26.294" errors="0" timestamp="2023-05-18T17:49:16 IST" skipped="0">
  <testcase classname="com.tutotiarlsninjs.qa.testcases.RegisterTest" name="verifyRegisteringAnAccountWithMandatoryFiels" time="5.110"/>
  <system-out/>
  <testcase classname="com.tutotiarlsninjs.qa.testcases.RegisterTest" name="verifyRegisteringAnAccountWithAllFiels" time="5.087"/>
  <system-out/>
  <testcase classname="com.tutotiarlsninjs.qa.testcases.RegisterTest" name="verifyRegiterAccountWithExistingEmailId" time="4.921"/>
  <system-out/>
  <testcase classname="com.tutotiarlsninjs.qa.testcases.RegisterTest" name="verifyRegiterAccountWithOutEnteringAnyDetails" time="11.176"/>
  <system-out/>
</testsuite> <!-- com.tutotiarlsninjs.qa.testcases.RegisterTest -->
